c:\users\matt\documents\visual studio 2013\projects\tetris366\debug\vc120.pdb
c:\users\matt\documents\visual studio 2013\projects\tetris366\debug\vc120.idb
c:\users\matt\documents\visual studio 2013\projects\tetris366\debug\cblock.obj
c:\users\matt\documents\visual studio 2013\projects\tetris366\debug\cboard.obj
c:\users\matt\documents\visual studio 2013\projects\tetris366\debug\cbutton.obj
c:\users\matt\documents\visual studio 2013\projects\tetris366\debug\centernamestate.obj
c:\users\matt\documents\visual studio 2013\projects\tetris366\debug\cgameoverstate.obj
c:\users\matt\documents\visual studio 2013\projects\tetris366\debug\chighscorestate.obj
c:\users\matt\documents\visual studio 2013\projects\tetris366\debug\cingamestate.obj
c:\users\matt\documents\visual studio 2013\projects\tetris366\debug\cintrostate.obj
c:\users\matt\documents\visual studio 2013\projects\tetris366\debug\ccontrolsstate.obj
c:\users\matt\documents\visual studio 2013\projects\tetris366\debug\coregame.obj
c:\users\matt\documents\visual studio 2013\projects\tetris366\debug\cparticle.obj
c:\users\matt\documents\visual studio 2013\projects\tetris366\debug\cparticlesys.obj
c:\users\matt\documents\visual studio 2013\projects\tetris366\debug\cparticlesysman.obj
c:\users\matt\documents\visual studio 2013\projects\tetris366\debug\cpausestate.obj
c:\users\matt\documents\visual studio 2013\projects\tetris366\debug\cstartmenustate.obj
c:\users\matt\documents\visual studio 2013\projects\tetris366\debug\ctexture.obj
c:\users\matt\documents\visual studio 2013\projects\tetris366\debug\globals.obj
c:\users\matt\documents\visual studio 2013\projects\tetris366\debug\main.obj
c:\users\matt\documents\visual studio 2013\projects\tetris366\debug\tetris366.ilk
c:\users\matt\documents\visual studio 2013\projects\tetris366\debug\tetris366.exe
c:\users\matt\documents\visual studio 2013\projects\tetris366\debug\tetris366.pdb
c:\users\matt\documents\visual studio 2013\projects\tetris366\debug\tetris366.tlog\cl.command.1.tlog
c:\users\matt\documents\visual studio 2013\projects\tetris366\debug\tetris366.tlog\cl.read.1.tlog
c:\users\matt\documents\visual studio 2013\projects\tetris366\debug\tetris366.tlog\cl.write.1.tlog
c:\users\matt\documents\visual studio 2013\projects\tetris366\debug\tetris366.tlog\link.command.1.tlog
c:\users\matt\documents\visual studio 2013\projects\tetris366\debug\tetris366.tlog\link.read.1.tlog
c:\users\matt\documents\visual studio 2013\projects\tetris366\debug\tetris366.tlog\link.write.1.tlog
