Build started 8/25/2014 4:05:08 AM.
     1>Project "C:\Users\Matt\Documents\Visual Studio 2013\Projects\Tetris366\Tetris366.vcxproj" on node 2 (Build target(s)).
     1>ClCompile:
         C:\Program Files (x86)\Microsoft Visual Studio 12.0\VC\bin\CL.exe /c /ZI /nologo /W3 /WX- /sdl /Od /Oy- /D _MBCS /Gm /EHsc /RTC1 /MD /GS /fp:precise /Zc:wchar_t /Zc:forScope /Fo"Debug\\" /Fd"Debug\vc120.pdb" /Gd /TP /analyze- /errorReport:prompt CBoard.cpp
         CBoard.cpp
       Link:
         C:\Program Files (x86)\Microsoft Visual Studio 12.0\VC\bin\link.exe /ERRORREPORT:PROMPT /OUT:"C:\Users\Matt\Documents\Visual Studio 2013\Projects\Tetris366\Debug\Tetris366.exe" /INCREMENTAL /NOLOGO SDL2.lib SDL2main.lib SDL2_image.lib SDL2_ttf.lib SDL2_mixer.lib kernel32.lib user32.lib gdi32.lib winspool.lib comdlg32.lib advapi32.lib shell32.lib ole32.lib oleaut32.lib uuid.lib odbc32.lib odbccp32.lib /MANIFEST /MANIFESTUAC:"level='asInvoker' uiAccess='false'" /manifest:embed /DEBUG /PDB:"C:\Users\Matt\Documents\Visual Studio 2013\Projects\Tetris366\Debug\Tetris366.pdb" /SUBSYSTEM:WINDOWS /TLBID:1 /DYNAMICBASE /NXCOMPAT /IMPLIB:"C:\Users\Matt\Documents\Visual Studio 2013\Projects\Tetris366\Debug\Tetris366.lib" /MACHINE:X86 Debug\CBlock.obj
         Debug\CBoard.obj
         Debug\CButton.obj
         Debug\CEnterNameState.obj
         Debug\CGameOverState.obj
         Debug\CHighScoreState.obj
         Debug\CInGameState.obj
         Debug\CIntroState.obj
         Debug\CControlsState.obj
         Debug\CoreGame.obj
         Debug\CParticle.obj
         Debug\CParticleSys.obj
         Debug\CParticleSysMan.obj
         Debug\CPauseState.obj
         Debug\CStartMenuState.obj
         Debug\CTexture.obj
         Debug\Globals.obj
         Debug\Main.obj
         Tetris366.vcxproj -> C:\Users\Matt\Documents\Visual Studio 2013\Projects\Tetris366\Debug\Tetris366.exe
     1>Done Building Project "C:\Users\Matt\Documents\Visual Studio 2013\Projects\Tetris366\Tetris366.vcxproj" (Build target(s)).

Build succeeded.

Time Elapsed 00:00:01.28
